<?xml version="1.0" encoding="UTF-8"?>
<!-- Generated by org.testng.reporters.JUnitXMLReporter -->
<testsuite ignored="0" hostname="QT-INBG-LT1942" failures="0" tests="9" name="Test" time="36.374" errors="0" timestamp="2022-09-16T17:00:35 IST">
  <testcase classname="project.sign_up" name="signup" time="18.965"/>
  <testcase classname="project.sign_in" name="signin" time="6.533"/>
  <testcase classname="project.contact_us" name="launchBrowser" time="2.896"/>
  <testcase classname="project.contact_us" name="clickContactUs" time="2.353"/>
  <testcase classname="project.contact_us" name="enterName" time="0.096"/>
  <testcase classname="project.contact_us" name="enterMail" time="0.085"/>
  <testcase classname="project.contact_us" name="enterPhoneNumber" time="0.078"/>
  <testcase classname="project.contact_us" name="enterMessage" time="5.093"/>
  <testcase classname="project.contact_us" name="clickOnSend" time="0.209"/>
</testsuite> <!-- Test -->
