<?xml version="1.0" encoding="UTF-8"?>
<testng-results ignored="0" total="9" passed="9" failed="0" skipped="0">
  <reporter-output>
  </reporter-output>
  <suite started-at="2022-09-16T16:59:59 IST" name="Suite" finished-at="2022-09-16T17:00:35 IST" duration-ms="36374">
    <groups>
    </groups>
    <test started-at="2022-09-16T16:59:59 IST" name="Test" finished-at="2022-09-16T17:00:35 IST" duration-ms="36374">
      <class name="project.sign_in">
        <test-method signature="signin()[pri:0, instance:project.sign_in@28f3b248]" started-at="2022-09-16T17:00:18 IST" name="signin" finished-at="2022-09-16T17:00:24 IST" duration-ms="6533" status="PASS">
          <reporter-output>
          </reporter-output>
        </test-method> <!-- signin -->
      </class> <!-- project.sign_in -->
      <class name="project.contact_us">
        <test-method signature="launchBrowser()[pri:1, instance:project.contact_us@581ac8a8]" started-at="2022-09-16T17:00:24 IST" name="launchBrowser" finished-at="2022-09-16T17:00:27 IST" duration-ms="2896" status="PASS">
          <reporter-output>
          </reporter-output>
        </test-method> <!-- launchBrowser -->
        <test-method signature="clickContactUs()[pri:2, instance:project.contact_us@581ac8a8]" started-at="2022-09-16T17:00:27 IST" name="clickContactUs" finished-at="2022-09-16T17:00:30 IST" duration-ms="2353" status="PASS">
          <reporter-output>
          </reporter-output>
        </test-method> <!-- clickContactUs -->
        <test-method signature="enterName()[pri:2, instance:project.contact_us@581ac8a8]" started-at="2022-09-16T17:00:30 IST" name="enterName" finished-at="2022-09-16T17:00:30 IST" duration-ms="96" status="PASS">
          <reporter-output>
          </reporter-output>
        </test-method> <!-- enterName -->
        <test-method signature="enterMail()[pri:3, instance:project.contact_us@581ac8a8]" started-at="2022-09-16T17:00:30 IST" name="enterMail" finished-at="2022-09-16T17:00:30 IST" duration-ms="85" status="PASS">
          <reporter-output>
          </reporter-output>
        </test-method> <!-- enterMail -->
        <test-method signature="enterPhoneNumber()[pri:4, instance:project.contact_us@581ac8a8]" started-at="2022-09-16T17:00:30 IST" name="enterPhoneNumber" finished-at="2022-09-16T17:00:30 IST" duration-ms="78" status="PASS">
          <reporter-output>
          </reporter-output>
        </test-method> <!-- enterPhoneNumber -->
        <test-method signature="enterMessage()[pri:5, instance:project.contact_us@581ac8a8]" started-at="2022-09-16T17:00:30 IST" name="enterMessage" finished-at="2022-09-16T17:00:35 IST" duration-ms="5093" status="PASS">
          <reporter-output>
          </reporter-output>
        </test-method> <!-- enterMessage -->
        <test-method signature="clickOnSend()[pri:6, instance:project.contact_us@581ac8a8]" started-at="2022-09-16T17:00:35 IST" name="clickOnSend" finished-at="2022-09-16T17:00:35 IST" duration-ms="209" status="PASS">
          <reporter-output>
          </reporter-output>
        </test-method> <!-- clickOnSend -->
      </class> <!-- project.contact_us -->
      <class name="project.sign_up">
        <test-method signature="signup()[pri:0, instance:project.sign_up@446293d]" started-at="2022-09-16T16:59:59 IST" name="signup" finished-at="2022-09-16T17:00:18 IST" duration-ms="18965" status="PASS">
          <reporter-output>
          </reporter-output>
        </test-method> <!-- signup -->
      </class> <!-- project.sign_up -->
    </test> <!-- Test -->
  </suite> <!-- Suite -->
</testng-results>
